0 info it worked if it ends with ok
1 verbose cli [ '/Users/dkunin/.nvm/versions/node/v7.0.0/bin/node',
1 verbose cli   '/Users/dkunin/.nvm/versions/node/v7.0.0/bin/npm',
1 verbose cli   'publish' ]
2 info using npm@3.10.8
3 info using node@v7.0.0
4 verbose publish [ '.' ]
5 silly cache add args [ '.', null ]
6 verbose cache add spec .
7 silly cache add parsed spec Result {
7 silly cache add   raw: '.',
7 silly cache add   scope: null,
7 silly cache add   escapedName: null,
7 silly cache add   name: null,
7 silly cache add   rawSpec: '.',
7 silly cache add   spec: '/Users/dkunin/Projects/conv',
7 silly cache add   type: 'directory' }
8 verbose addLocalDirectory /Users/dkunin/.npm/conv/0.0.1/package.tgz not in flight; packing
9 verbose correctMkdir /Users/dkunin/.npm correctMkdir not in flight; initializing
10 info lifecycle conv@0.0.1~prepublish: conv@0.0.1
11 silly lifecycle conv@0.0.1~prepublish: no script for prepublish, continuing
12 verbose tar pack [ '/Users/dkunin/.npm/conv/0.0.1/package.tgz',
12 verbose tar pack   '/Users/dkunin/Projects/conv' ]
13 verbose tarball /Users/dkunin/.npm/conv/0.0.1/package.tgz
14 verbose folder /Users/dkunin/Projects/conv
15 verbose addLocalTarball adding from inside cache /Users/dkunin/.npm/conv/0.0.1/package.tgz
16 verbose correctMkdir /Users/dkunin/.npm correctMkdir not in flight; initializing
17 silly cache afterAdd conv@0.0.1
18 verbose afterAdd /Users/dkunin/.npm/conv/0.0.1/package/package.json not in flight; writing
19 verbose correctMkdir /Users/dkunin/.npm correctMkdir not in flight; initializing
20 verbose afterAdd /Users/dkunin/.npm/conv/0.0.1/package/package.json written
21 silly publish { name: 'conv',
21 silly publish   version: '0.0.1',
21 silly publish   private: false,
21 silly publish   main: 'index.js',
21 silly publish   repository: { type: 'git', url: 'git://github.com/dkunin/conv.git' },
21 silly publish   bugs: { url: 'https://github.com/dkunin/conv/issues' },
21 silly publish   scripts:
21 silly publish    { pretty: 'prettier --single-quote --tab-width 4 --write ./*.js',
21 silly publish      start: 'node ./',
21 silly publish      test: 'ava' },
21 silly publish   homepage: 'https://github.com/dkunin/conv',
21 silly publish   keywords: [ 'convert,', 'currency' ],
21 silly publish   license: 'MIT',
21 silly publish   description: 'Conversation of one currency to the other',
21 silly publish   dependencies: {},
21 silly publish   devDependencies: { ava: '0.19.1' },
21 silly publish   readme: '# Conv\n\n> Module for conversation of one currency to the other, using api.fixer.io\n\n\n## Usage\n\n```\nimport currency from \'./currency-module\';\n\ncurrency(10.33, \'usd\', \'rub\').then(console.log); //582.85\n\n```\n\n## Contribute\n\nPRs accepted.\n\n## License\n\nMIT © Dmitri Kunin\n',
21 silly publish   readmeFilename: 'README.md',
21 silly publish   gitHead: '08baaed5bdd2dcc461449d86e74d2e2f804f90c6',
21 silly publish   _id: 'conv@0.0.1',
21 silly publish   _shasum: '30d337e6af9de454c79ace665c7bf8e3dd2b5280',
21 silly publish   _from: '.' }
22 verbose getPublishConfig undefined
23 silly mapToRegistry name conv
24 silly mapToRegistry using default registry
25 silly mapToRegistry registry https://registry.npmjs.org/
26 silly mapToRegistry data Result {
26 silly mapToRegistry   raw: 'conv',
26 silly mapToRegistry   scope: null,
26 silly mapToRegistry   escapedName: 'conv',
26 silly mapToRegistry   name: 'conv',
26 silly mapToRegistry   rawSpec: '',
26 silly mapToRegistry   spec: 'latest',
26 silly mapToRegistry   type: 'tag' }
27 silly mapToRegistry uri https://registry.npmjs.org/conv
28 verbose publish registryBase https://registry.npmjs.org/
29 silly publish uploading /Users/dkunin/.npm/conv/0.0.1/package.tgz
30 verbose request uri https://registry.npmjs.org/conv
31 verbose request sending authorization for write operation
32 info attempt registry request try #1 at 22:38:13
33 verbose request using bearer token for auth
34 verbose request id 4958411763a6f7aa
35 http request PUT https://registry.npmjs.org/conv
36 http 403 https://registry.npmjs.org/conv
37 verbose headers { 'content-type': 'application/json',
37 verbose headers   'cache-control': 'max-age=300',
37 verbose headers   'content-length': '98',
37 verbose headers   'accept-ranges': 'bytes',
37 verbose headers   date: 'Thu, 25 May 2017 19:38:07 GMT',
37 verbose headers   via: '1.1 varnish',
37 verbose headers   connection: 'keep-alive',
37 verbose headers   'x-served-by': 'cache-fra1233-FRA',
37 verbose headers   'x-cache': 'MISS',
37 verbose headers   'x-cache-hits': '0',
37 verbose headers   'x-timer': 'S1495741087.779817,VS0,VE954',
37 verbose headers   vary: 'Accept-Encoding' }
38 verbose request invalidating /Users/dkunin/.npm/registry.npmjs.org/conv on PUT
39 error publish Failed PUT 403
40 verbose stack Error: you do not have permission to publish "conv". Are you logged in as the correct user? : conv
40 verbose stack     at makeError (/Users/dkunin/.nvm/versions/node/v7.0.0/lib/node_modules/npm/node_modules/npm-registry-client/lib/request.js:302:12)
40 verbose stack     at CachingRegistryClient.<anonymous> (/Users/dkunin/.nvm/versions/node/v7.0.0/lib/node_modules/npm/node_modules/npm-registry-client/lib/request.js:290:14)
40 verbose stack     at Request._callback (/Users/dkunin/.nvm/versions/node/v7.0.0/lib/node_modules/npm/node_modules/npm-registry-client/lib/request.js:210:14)
40 verbose stack     at Request.self.callback (/Users/dkunin/.nvm/versions/node/v7.0.0/lib/node_modules/npm/node_modules/request/request.js:187:22)
40 verbose stack     at emitTwo (events.js:106:13)
40 verbose stack     at Request.emit (events.js:191:7)
40 verbose stack     at Request.<anonymous> (/Users/dkunin/.nvm/versions/node/v7.0.0/lib/node_modules/npm/node_modules/request/request.js:1044:10)
40 verbose stack     at emitOne (events.js:96:13)
40 verbose stack     at Request.emit (events.js:188:7)
40 verbose stack     at IncomingMessage.<anonymous> (/Users/dkunin/.nvm/versions/node/v7.0.0/lib/node_modules/npm/node_modules/request/request.js:965:12)
41 verbose statusCode 403
42 verbose pkgid conv
43 verbose cwd /Users/dkunin/Projects/conv
44 error Darwin 16.5.0
45 error argv "/Users/dkunin/.nvm/versions/node/v7.0.0/bin/node" "/Users/dkunin/.nvm/versions/node/v7.0.0/bin/npm" "publish"
46 error node v7.0.0
47 error npm  v3.10.8
48 error code E403
49 error you do not have permission to publish "conv". Are you logged in as the correct user? : conv
50 error If you need help, you may report this error at:
50 error     <https://github.com/npm/npm/issues>
51 verbose exit [ 1, true ]
